<?xml version="1.0" encoding="UTF-8"?>
<!-- Generated by org.testng.reporters.JUnitReportReporter -->
<testsuite hostname="Prachis-MacBook-Air.local" failures="0" tests="1" name="test.StraitsTest" time="0.000" errors="0" timestamp="20 Dec 2017 12:22:22 GMT" skipped="1">
  <testcase classname="test.StraitsTest" name="testArticleHomePage" time="0.000">
    <skipped/>
  </testcase> <!-- testArticleHomePage -->
</testsuite> <!-- test.StraitsTest -->
