<?xml version="1.0" encoding="UTF-8"?>
<!-- Generated by org.testng.reporters.JUnitReportReporter -->
<testsuite hostname="Prachis-MacBook-Air.local" failures="0" tests="4" name="website_navigation.NewTest" time="24.445" errors="0" timestamp="20 Dec 2017 12:23:59 GMT" skipped="0">
  <testcase classname="website_navigation.NewTest" name="login" time="17.855"/>
  <testcase classname="website_navigation.NewTest" name="verifyMainArticleHasMedia" time="0.324"/>
  <testcase classname="website_navigation.NewTest" name="verifyNavigationToMainArticle" time="6.265"/>
  <testcase classname="website_navigation.NewTest" name="verifyArticlePageHasMedia" time="0.001"/>
</testsuite> <!-- website_navigation.NewTest -->
