<?xml version="1.0" encoding="UTF-8"?>
<!-- Generated by org.testng.reporters.JUnitReportReporter -->
<testsuite skipped="0" hostname="Admins-MacBook-Pro.local" name="test.NewTest" tests="4" failures="0" timestamp="20 Dec 2017 04:37:52 GMT" time="15.724" errors="0">
  <testcase name="login" time="12.429" classname="test.NewTest"/>
  <testcase name="verifyMainArticleHasMedia" time="0.110" classname="test.NewTest"/>
  <testcase name="verifyNavigationToMainArticle" time="3.184" classname="test.NewTest"/>
  <testcase name="verifyArticlePageHasMedia" time="0.001" classname="test.NewTest"/>
</testsuite> <!-- test.NewTest -->
