<?xml version="1.0" encoding="UTF-8"?>
<!-- Generated by org.testng.reporters.JUnitReportReporter -->
<testsuite skipped="0" hostname="Admins-MacBook-Pro.local" name="website_navigation.NewTest" tests="4" failures="0" timestamp="20 Dec 2017 07:55:17 GMT" time="14.090" errors="0">
  <testcase name="login" time="9.548" classname="website_navigation.NewTest"/>
  <testcase name="verifyMainArticleHasMedia" time="0.213" classname="website_navigation.NewTest"/>
  <testcase name="verifyNavigationToMainArticle" time="4.329" classname="website_navigation.NewTest"/>
  <testcase name="verifyArticlePageHasMedia" time="0.000" classname="website_navigation.NewTest"/>
</testsuite> <!-- website_navigation.NewTest -->
