<?xml version="1.0" encoding="UTF-8"?>
<!-- Generated by org.testng.reporters.JUnitReportReporter -->
<testsuite hostname="Prachis-MacBook-Air.local" failures="0" tests="4" name="website_navigation.NewTest" time="24.311" errors="0" timestamp="20 Dec 2017 11:15:11 GMT" skipped="0">
  <testcase classname="website_navigation.NewTest" name="login" time="18.326"/>
  <testcase classname="website_navigation.NewTest" name="verifyMainArticleHasMedia" time="0.232"/>
  <testcase classname="website_navigation.NewTest" name="verifyNavigationToMainArticle" time="5.753"/>
  <testcase classname="website_navigation.NewTest" name="verifyArticlePageHasMedia" time="0.000"/>
</testsuite> <!-- website_navigation.NewTest -->
