<?xml version="1.0" encoding="UTF-8"?>
<!-- Generated by org.testng.reporters.JUnitReportReporter -->
<testsuite hostname="Prachis-MacBook-Air.local" failures="0" tests="4" name="website_navigation.NewTest" time="33.810" errors="0" timestamp="20 Dec 2017 12:21:33 GMT" skipped="0">
  <testcase classname="website_navigation.NewTest" name="login" time="25.379"/>
  <testcase classname="website_navigation.NewTest" name="verifyMainArticleHasMedia" time="0.304"/>
  <testcase classname="website_navigation.NewTest" name="verifyNavigationToMainArticle" time="8.127"/>
  <testcase classname="website_navigation.NewTest" name="verifyArticlePageHasMedia" time="0.000"/>
</testsuite> <!-- website_navigation.NewTest -->
